[2017-07-22 10:53:10] main.DEBUG: cache_invalidate:  {"method":"GET","url":"http://localhost/mage2.1.7/admin/admin/dashboard/index/key/39b603e51f3c93be2b0e46edc804db7037637d1a9cb67287f224ad6e143f1cd4/","invalidateInfo":{"tags":["interception","CONFIG"],"mode":"matchingTag"},"is_exception":false} []
[2017-07-22 10:56:48] main.DEBUG: cache_invalidate:  {"method":"POST","url":"http://localhost/mage2.1.7/admin/admin/index/index/key/f626753488c67b99e729e1e243517e1c3f870aa7720bcdd8ae4cad5af4710ca1/","invalidateInfo":{"tags":["BACKEND_MAINMENU"],"mode":"matchingAnyTag"},"is_exception":false} []
[2017-07-25 16:22:57] main.DEBUG: cache_invalidate:  {"method":"POST","url":"http://localhost/mage2.1.7/admin/admin/index/index/key/1878439ca786bea1849de77fca95ca797a6d1dd8504cc4347f26c4edecccbc3f/","invalidateInfo":{"tags":["BACKEND_MAINMENU"],"mode":"matchingAnyTag"},"is_exception":false} []
[2017-07-27 10:24:28] main.DEBUG: cache_invalidate:  {"method":"GET","url":"http:/","invalidateInfo":{"identifier":"DB_PDO_MYSQL_DDL_design_config_grid_flat_1"},"is_exception":false} []
[2017-07-27 10:24:28] main.DEBUG: cache_invalidate:  {"method":"GET","url":"http:/","invalidateInfo":{"identifier":"DB_PDO_MYSQL_DDL_design_config_grid_flat_2"},"is_exception":false} []
[2017-07-27 10:24:28] main.DEBUG: cache_invalidate:  {"method":"GET","url":"http:/","invalidateInfo":{"identifier":"DB_PDO_MYSQL_DDL_design_config_grid_flat_3"},"is_exception":false} []
[2017-07-27 10:24:28] main.DEBUG: cache_invalidate:  {"method":"GET","url":"http:/","invalidateInfo":{"identifier":"DB_PDO_MYSQL_DDL_design_config_grid_flat_4"},"is_exception":false} []
[2017-07-27 10:24:32] main.DEBUG: cache_invalidate:  {"method":"GET","url":"http:/","invalidateInfo":{"identifier":"DB_PDO_MYSQL_DDL_design_config_grid_flat_1"},"is_exception":false} []
[2017-07-27 10:24:32] main.DEBUG: cache_invalidate:  {"method":"GET","url":"http:/","invalidateInfo":{"identifier":"DB_PDO_MYSQL_DDL_design_config_grid_flat_2"},"is_exception":false} []
[2017-07-27 10:24:32] main.DEBUG: cache_invalidate:  {"method":"GET","url":"http:/","invalidateInfo":{"identifier":"DB_PDO_MYSQL_DDL_design_config_grid_flat_3"},"is_exception":false} []
[2017-07-27 10:24:32] main.DEBUG: cache_invalidate:  {"method":"GET","url":"http:/","invalidateInfo":{"identifier":"DB_PDO_MYSQL_DDL_design_config_grid_flat_4"},"is_exception":false} []
[2017-07-27 10:24:35] main.DEBUG: cache_invalidate:  {"method":"GET","url":"http:/","invalidateInfo":{"identifier":"DB_PDO_MYSQL_DDL_customer_grid_flat_1"},"is_exception":false} []
[2017-07-27 10:24:35] main.DEBUG: cache_invalidate:  {"method":"GET","url":"http:/","invalidateInfo":{"identifier":"DB_PDO_MYSQL_DDL_customer_grid_flat_2"},"is_exception":false} []
[2017-07-27 10:24:35] main.DEBUG: cache_invalidate:  {"method":"GET","url":"http:/","invalidateInfo":{"identifier":"DB_PDO_MYSQL_DDL_customer_grid_flat_3"},"is_exception":false} []
[2017-07-27 10:24:35] main.DEBUG: cache_invalidate:  {"method":"GET","url":"http:/","invalidateInfo":{"identifier":"DB_PDO_MYSQL_DDL_customer_grid_flat_4"},"is_exception":false} []
[2017-07-27 10:24:37] main.DEBUG: cache_invalidate:  {"method":"GET","url":"http:/","invalidateInfo":{"identifier":"DB_PDO_MYSQL_DDL_customer_grid_flat_1"},"is_exception":false} []
[2017-07-27 10:24:37] main.DEBUG: cache_invalidate:  {"method":"GET","url":"http:/","invalidateInfo":{"identifier":"DB_PDO_MYSQL_DDL_customer_grid_flat_2"},"is_exception":false} []
[2017-07-27 10:24:37] main.DEBUG: cache_invalidate:  {"method":"GET","url":"http:/","invalidateInfo":{"identifier":"DB_PDO_MYSQL_DDL_customer_grid_flat_3"},"is_exception":false} []
[2017-07-27 10:24:37] main.DEBUG: cache_invalidate:  {"method":"GET","url":"http:/","invalidateInfo":{"identifier":"DB_PDO_MYSQL_DDL_customer_grid_flat_4"},"is_exception":false} []
[2017-07-27 10:24:45] main.DEBUG: cache_invalidate:  {"method":"GET","url":"http:/","invalidateInfo":{"tags":["catalog_category","FPC"],"mode":"matchingTag"},"is_exception":false} []
[2017-07-27 10:24:45] main.DEBUG: cache_invalidate:  {"method":"GET","url":"http:/","invalidateInfo":{"tags":["catalog_product","FPC"],"mode":"matchingTag"},"is_exception":false} []
[2017-07-27 10:24:45] main.DEBUG: cache_invalidate:  {"method":"GET","url":"http:/","invalidateInfo":{"tags":["BLOCK_HTML","FPC"],"mode":"matchingTag"},"is_exception":false} []
[2017-07-27 10:24:45] main.DEBUG: cache_invalidate:  {"method":"GET","url":"http:/","invalidateInfo":{"tags":["catalog_category","catalog_product","BLOCK_HTML"],"mode":"matchingAnyTag"},"is_exception":false} []
[2017-07-27 10:24:47] main.DEBUG: cache_invalidate:  {"method":"GET","url":"http:/","invalidateInfo":{"identifier":"DB_PDO_MYSQL_DDL_catalogsearch_fulltext_scope1_1"},"is_exception":false} []
[2017-07-27 10:24:47] main.DEBUG: cache_invalidate:  {"method":"GET","url":"http:/","invalidateInfo":{"identifier":"DB_PDO_MYSQL_DDL_catalogsearch_fulltext_scope1_2"},"is_exception":false} []
[2017-07-27 10:24:47] main.DEBUG: cache_invalidate:  {"method":"GET","url":"http:/","invalidateInfo":{"identifier":"DB_PDO_MYSQL_DDL_catalogsearch_fulltext_scope1_3"},"is_exception":false} []
[2017-07-27 10:24:47] main.DEBUG: cache_invalidate:  {"method":"GET","url":"http:/","invalidateInfo":{"identifier":"DB_PDO_MYSQL_DDL_catalogsearch_fulltext_scope1_4"},"is_exception":false} []
[2017-07-27 10:24:49] main.DEBUG: cache_invalidate:  {"method":"GET","url":"http:/","invalidateInfo":{"identifier":"DB_PDO_MYSQL_DDL_catalogsearch_fulltext_scope1_1"},"is_exception":false} []
[2017-07-27 10:24:49] main.DEBUG: cache_invalidate:  {"method":"GET","url":"http:/","invalidateInfo":{"identifier":"DB_PDO_MYSQL_DDL_catalogsearch_fulltext_scope1_2"},"is_exception":false} []
[2017-07-27 10:24:49] main.DEBUG: cache_invalidate:  {"method":"GET","url":"http:/","invalidateInfo":{"identifier":"DB_PDO_MYSQL_DDL_catalogsearch_fulltext_scope1_3"},"is_exception":false} []
[2017-07-27 10:24:49] main.DEBUG: cache_invalidate:  {"method":"GET","url":"http:/","invalidateInfo":{"identifier":"DB_PDO_MYSQL_DDL_catalogsearch_fulltext_scope1_4"},"is_exception":false} []
[2017-07-27 10:24:49] main.DEBUG: cache_invalidate:  {"method":"GET","url":"http:/","invalidateInfo":{"identifier":"request_declaration"},"is_exception":false} []
[2017-07-27 10:36:30] main.DEBUG: cache_invalidate:  {"method":"POST","url":"http://localhost/mage2.1.7/admin/admin/index/index/key/81c081b305d1ebe33077c59c90a553ea13ffacea392fe86aaca6a8b341a53eef/","invalidateInfo":{"tags":["BACKEND_MAINMENU"],"mode":"matchingAnyTag"},"is_exception":false} []
[2017-07-27 10:37:23] main.DEBUG: cache_invalidate:  {"method":"GET","url":"http:/","invalidateInfo":{"tags":["FPC"],"mode":"matchingTag"},"is_exception":false} []
[2017-07-27 10:37:23] main.DEBUG: cache_invalidate:  {"method":"GET","url":"http:/","invalidateInfo":{"tags":["CONFIG"],"mode":"matchingTag"},"is_exception":false} []
[2017-07-27 10:37:23] main.DEBUG: cache_invalidate:  {"method":"GET","url":"http:/","invalidateInfo":{"tags":["LAYOUT_GENERAL_CACHE_TAG"],"mode":"matchingTag"},"is_exception":false} []
[2017-07-27 10:37:23] main.DEBUG: cache_invalidate:  {"method":"GET","url":"http:/","invalidateInfo":{"tags":["BLOCK_HTML"],"mode":"matchingTag"},"is_exception":false} []
[2017-07-27 10:37:23] main.DEBUG: cache_invalidate:  {"method":"GET","url":"http:/","invalidateInfo":{"tags":["COLLECTION_DATA"],"mode":"matchingTag"},"is_exception":false} []
[2017-07-27 10:37:23] main.DEBUG: cache_invalidate:  {"method":"GET","url":"http:/","invalidateInfo":{"tags":["REFLECTION"],"mode":"matchingTag"},"is_exception":false} []
[2017-07-27 10:37:23] main.DEBUG: cache_invalidate:  {"method":"GET","url":"http:/","invalidateInfo":{"tags":["DB_DDL"],"mode":"matchingTag"},"is_exception":false} []
[2017-07-27 10:37:23] main.DEBUG: cache_invalidate:  {"method":"GET","url":"http:/","invalidateInfo":{"tags":["EAV"],"mode":"matchingTag"},"is_exception":false} []
[2017-07-27 10:37:23] main.DEBUG: cache_invalidate:  {"method":"GET","url":"http:/","invalidateInfo":{"tags":["CUSTOMER_NOTIFICATION"],"mode":"matchingTag"},"is_exception":false} []
[2017-07-27 10:37:23] main.DEBUG: cache_invalidate:  {"method":"GET","url":"http:/","invalidateInfo":{"tags":["FPC"],"mode":"matchingTag"},"is_exception":false} []
[2017-07-27 10:37:23] main.DEBUG: cache_invalidate:  {"method":"GET","url":"http:/","invalidateInfo":{"tags":["INTEGRATION"],"mode":"matchingTag"},"is_exception":false} []
[2017-07-27 10:37:23] main.DEBUG: cache_invalidate:  {"method":"GET","url":"http:/","invalidateInfo":{"tags":["INTEGRATION_API_CONFIG"],"mode":"matchingTag"},"is_exception":false} []
[2017-07-27 10:37:23] main.DEBUG: cache_invalidate:  {"method":"GET","url":"http:/","invalidateInfo":{"tags":["TRANSLATE"],"mode":"matchingTag"},"is_exception":false} []
[2017-07-27 10:37:23] main.DEBUG: cache_invalidate:  {"method":"GET","url":"http:/","invalidateInfo":{"tags":["WEBSERVICE"],"mode":"matchingTag"},"is_exception":false} []
[2017-07-27 10:37:32] main.DEBUG: cache_invalidate:  {"method":"GET","url":"http://localhost/mage2.1.7/admin/admin/dashboard/index/key/80cc52ea2c547ff5ea62e6586229cebaf5e2524832badcea5af92c3fcd8e977c/","invalidateInfo":{"tags":["interception","CONFIG"],"mode":"matchingTag"},"is_exception":false} []
[2017-07-27 11:36:12] main.DEBUG: cache_invalidate:  {"method":"GET","url":"http:/","invalidateInfo":{"tags":["interception","CONFIG"],"mode":"matchingTag"},"is_exception":false} []
